  GameState.cpp
C:\Users\ws53922\source\repos\tRAIN\tRAIN\GameState.cpp(16,63): warning C4244: 'argument': conversion from 'size_t' to 'float', possible loss of data
C:\Users\ws53922\source\repos\tRAIN\tRAIN\GameState.cpp(43,17): warning C4244: 'initializing': conversion from 'const T' to 'int', possible loss of data
          with
          [
              T=float
          ]
C:\Users\ws53922\source\repos\tRAIN\tRAIN\GameState.cpp(124,76): warning C4244: 'argument': conversion from 'int' to 'T', possible loss of data
          with
          [
              T=float
          ]
C:\Users\ws53922\source\repos\tRAIN\tRAIN\GameState.cpp(137,23): warning C4018: '<': signed/unsigned mismatch
C:\Users\ws53922\source\repos\tRAIN\tRAIN\GameState.cpp(301,23): warning C4018: '<': signed/unsigned mismatch
  game.cpp
C:\Users\ws53922\source\repos\tRAIN\tRAIN\MenuState.hpp(19,27): warning C4018: '<': signed/unsigned mismatch
C:\Users\ws53922\source\repos\tRAIN\tRAIN\MenuState.hpp(23,38): warning C4244: 'argument': conversion from 'int' to 'float', possible loss of data
C:\Users\ws53922\source\repos\tRAIN\tRAIN\MenuState.hpp(60,31): warning C4018: '<': signed/unsigned mismatch
C:\Users\ws53922\source\repos\tRAIN\tRAIN\MenuState.hpp(61,148): warning C4244: 'argument': conversion from 'T' to 'T', possible loss of data
          with
          [
              T=float
          ]
          and
          [
              T=int
          ]
C:\Users\ws53922\source\repos\tRAIN\tRAIN\MenuState.hpp(61,114): warning C4244: 'argument': conversion from 'T' to 'T', possible loss of data
          with
          [
              T=float
          ]
          and
          [
              T=int
          ]
C:\Users\ws53922\source\repos\tRAIN\tRAIN\MenuState.hpp(61,84): warning C4244: 'argument': conversion from 'const T' to 'T', possible loss of data
          with
          [
              T=float
          ]
          and
          [
              T=int
          ]
C:\Users\ws53922\source\repos\tRAIN\tRAIN\MenuState.hpp(61,58): warning C4244: 'argument': conversion from 'const T' to 'T', possible loss of data
          with
          [
              T=float
          ]
          and
          [
              T=int
          ]
C:\Users\ws53922\source\repos\tRAIN\tRAIN\game.cpp(12,53): warning C4244: 'argument': conversion from 'T' to 'unsigned int', possible loss of data
          with
          [
              T=float
          ]
C:\Users\ws53922\source\repos\tRAIN\tRAIN\game.cpp(12,41): warning C4244: 'argument': conversion from 'T' to 'unsigned int', possible loss of data
          with
          [
              T=float
          ]
  player.cpp
C:\Users\ws53922\source\repos\tRAIN\tRAIN\MenuState.hpp(19,27): warning C4018: '<': signed/unsigned mismatch
C:\Users\ws53922\source\repos\tRAIN\tRAIN\MenuState.hpp(23,38): warning C4244: 'argument': conversion from 'int' to 'float', possible loss of data
C:\Users\ws53922\source\repos\tRAIN\tRAIN\MenuState.hpp(60,31): warning C4018: '<': signed/unsigned mismatch
C:\Users\ws53922\source\repos\tRAIN\tRAIN\MenuState.hpp(61,148): warning C4244: 'argument': conversion from 'T' to 'T', possible loss of data
          with
          [
              T=float
          ]
          and
          [
              T=int
          ]
C:\Users\ws53922\source\repos\tRAIN\tRAIN\MenuState.hpp(61,114): warning C4244: 'argument': conversion from 'T' to 'T', possible loss of data
          with
          [
              T=float
          ]
          and
          [
              T=int
          ]
C:\Users\ws53922\source\repos\tRAIN\tRAIN\MenuState.hpp(61,84): warning C4244: 'argument': conversion from 'const T' to 'T', possible loss of data
          with
          [
              T=float
          ]
          and
          [
              T=int
          ]
C:\Users\ws53922\source\repos\tRAIN\tRAIN\MenuState.hpp(61,58): warning C4244: 'argument': conversion from 'const T' to 'T', possible loss of data
          with
          [
              T=float
          ]
          and
          [
              T=int
          ]
C:\Users\ws53922\source\repos\tRAIN\tRAIN\player.cpp(9,46): warning C4305: 'argument': truncation from 'double' to 'float'
C:\Users\ws53922\source\repos\tRAIN\tRAIN\player.cpp(97,38): warning C4101: 'e': unreferenced local variable
  source1.cpp
C:\Users\ws53922\source\repos\tRAIN\tRAIN\MenuState.hpp(19,27): warning C4018: '<': signed/unsigned mismatch
C:\Users\ws53922\source\repos\tRAIN\tRAIN\MenuState.hpp(23,38): warning C4244: 'argument': conversion from 'int' to 'float', possible loss of data
C:\Users\ws53922\source\repos\tRAIN\tRAIN\MenuState.hpp(60,31): warning C4018: '<': signed/unsigned mismatch
C:\Users\ws53922\source\repos\tRAIN\tRAIN\MenuState.hpp(61,148): warning C4244: 'argument': conversion from 'T' to 'T', possible loss of data
          with
          [
              T=float
          ]
          and
          [
              T=int
          ]
C:\Users\ws53922\source\repos\tRAIN\tRAIN\MenuState.hpp(61,114): warning C4244: 'argument': conversion from 'T' to 'T', possible loss of data
          with
          [
              T=float
          ]
          and
          [
              T=int
          ]
C:\Users\ws53922\source\repos\tRAIN\tRAIN\MenuState.hpp(61,84): warning C4244: 'argument': conversion from 'const T' to 'T', possible loss of data
          with
          [
              T=float
          ]
          and
          [
              T=int
          ]
C:\Users\ws53922\source\repos\tRAIN\tRAIN\MenuState.hpp(61,58): warning C4244: 'argument': conversion from 'const T' to 'T', possible loss of data
          with
          [
              T=float
          ]
          and
          [
              T=int
          ]
  world.cpp
C:\Users\ws53922\source\repos\tRAIN\tRAIN\world.cpp(25,53): warning C4244: 'argument': conversion from 'size_t' to 'float', possible loss of data
C:\Users\ws53922\source\repos\tRAIN\tRAIN\world.cpp(30,52): warning C4244: 'argument': conversion from 'size_t' to 'float', possible loss of data
C:\Users\ws53922\source\repos\tRAIN\tRAIN\world.cpp(36,26): warning C4244: 'argument': conversion from 'int' to 'float', possible loss of data
C:\Users\ws53922\source\repos\tRAIN\tRAIN\world.cpp(36,23): warning C4244: 'argument': conversion from 'int' to 'float', possible loss of data
C:\Users\ws53922\source\repos\tRAIN\tRAIN\world.cpp(38,31): warning C4244: 'argument': conversion from 'int' to 'float', possible loss of data
C:\Users\ws53922\source\repos\tRAIN\tRAIN\world.cpp(38,28): warning C4244: 'argument': conversion from 'int' to 'float', possible loss of data
C:\Users\ws53922\source\repos\tRAIN\tRAIN\world.cpp(40,32): warning C4244: 'argument': conversion from 'int' to 'float', possible loss of data
C:\Users\ws53922\source\repos\tRAIN\tRAIN\world.cpp(40,29): warning C4244: 'argument': conversion from 'int' to 'float', possible loss of data
  Generating Code...
C:\Users\ws53922\source\repos\tRAIN\tRAIN\player.cpp(56): warning C4715: 'Player::move': not all control paths return a value
  tRAIN.vcxproj -> C:\Users\ws53922\source\repos\tRAIN\Debug\tRAIN.exe
