c:\users\ws53922\source\repos\train\train\debug\vc142.pdb
c:\users\ws53922\source\repos\train\train\debug\vc142.idb
c:\users\ws53922\source\repos\train\train\debug\material.obj
c:\users\ws53922\source\repos\train\train\debug\itemstack.obj
c:\users\ws53922\source\repos\train\train\debug\world.obj
c:\users\ws53922\source\repos\train\train\debug\player.obj
c:\users\ws53922\source\repos\train\train\debug\gamestate.obj
c:\users\ws53922\source\repos\train\train\debug\source1.obj
c:\users\ws53922\source\repos\train\train\debug\game.obj
c:\users\ws53922\source\repos\train\debug\train.pdb
c:\users\ws53922\source\repos\train\train\debug\train.tlog\cl.command.1.tlog
c:\users\ws53922\source\repos\train\train\debug\train.tlog\cl.read.1.tlog
c:\users\ws53922\source\repos\train\train\debug\train.tlog\cl.write.1.tlog
c:\users\ws53922\source\repos\train\train\debug\train.tlog\link-cvtres.read.1.tlog
c:\users\ws53922\source\repos\train\train\debug\train.tlog\link-cvtres.write.1.tlog
c:\users\ws53922\source\repos\train\train\debug\train.tlog\link-rc.read.1.tlog
c:\users\ws53922\source\repos\train\train\debug\train.tlog\link-rc.write.1.tlog
c:\users\ws53922\source\repos\train\train\debug\train.tlog\link.command.1.tlog
c:\users\ws53922\source\repos\train\train\debug\train.tlog\link.read.1.tlog
c:\users\ws53922\source\repos\train\train\debug\train.tlog\link.write.1.tlog
